<?xml version="1.0" encoding="UTF-8"?>
<!-- Generated by org.testng.reporters.JUnitXMLReporter -->
<testsuite ignored="0" hostname="DESKTOP-D6GBCCJ" failures="0" tests="12" name="Default test" time="113.905" errors="0" timestamp="2026-04-06T14:26:04 IST">
  <testcase classname="tests.EventPageTest" name="testBuyTicketsRedirectsToLoginWhenNotLoggedIn" time="16.326"/>
  <testcase classname="tests.EventPageTest" name="testCategoryFilterShowsResults" time="0.707"/>
  <testcase classname="tests.EventPageTest" name="testCategoryFilterShowsResults" time="0.678"/>
  <testcase classname="tests.EventPageTest" name="testCategoryFilterShowsResults" time="1.067"/>
  <testcase classname="tests.EventPageTest" name="testCategoryFilterShowsResults" time="1.077"/>
  <testcase classname="tests.EventPageTest" name="testDecreaseQuantityNotBelowOne" time="32.145"/>
  <testcase classname="tests.EventPageTest" name="testEventCountMatchesLabel" time="0.91"/>
  <testcase classname="tests.EventPageTest" name="testEventsAreDisplayed" time="0.812"/>
  <testcase classname="tests.EventPageTest" name="testGetTicketsNavigatesToDetail" time="1.578"/>
  <testcase classname="tests.EventPageTest" name="testIncreaseQuantity" time="23.051"/>
  <testcase classname="tests.EventPageTest" name="testQuantityDefaultsToOne" time="2.19"/>
  <testcase classname="tests.EventPageTest" name="testTotalPriceUpdatesWithQuantity" time="2.202"/>
</testsuite> <!-- Default test -->
