<?xml version="1.0" encoding="UTF-8"?>
<!-- Generated by org.testng.reporters.JUnitXMLReporter -->
<testsuite ignored="0" hostname="DESKTOP-D6GBCCJ" failures="1" tests="3" name="Test2" time="0.009" errors="0" timestamp="2026-03-30T19:44:14 IST">
  <testcase classname="testNgExamples.MutlipleTcTest" name="login" time="0.001"/>
  <testcase classname="testNgExamples.MutlipleTcTest" name="download" time="0.001">
    <failure type="java.lang.AssertionError" message="expected [B] but found [A]">
      <![CDATA[java.lang.AssertionError: expected [B] but found [A]
at testNgExamples.MutlipleTcTest.download(MutlipleTcTest.java:17)
at java.base/java.util.ArrayList.forEach(ArrayList.java:1596)
... Removed 31 stack frames]]>
    </failure>
  </testcase> <!-- download -->
  <testcase classname="testNgExamples.MutlipleTcTest" name="logout" time="0.0"/>
</testsuite> <!-- Test2 -->
