<?xml version="1.0" encoding="UTF-8"?>
<!-- Generated by org.testng.reporters.JUnitXMLReporter -->
<testsuite ignored="0" hostname="DESKTOP-D6GBCCJ" failures="1" tests="4" name="Test1" time="8.246" errors="0" timestamp="2026-03-30T19:44:14 IST">
  <testcase classname="testNgExamples.Ex1" name="tc1" time="0.009"/>
  <testcase classname="testNgExamples.Ex1" name="tc2" time="0.004"/>
  <testcase classname="testNgExamples.AnnotationTest2" name="loginTC1" time="0.162"/>
  <testcase classname="testNgExamples.AnnotationTest2" name="loginTC2" time="0.173">
    <failure type="java.lang.AssertionError" message="expected [true] but found [false]">
      <![CDATA[java.lang.AssertionError: expected [true] but found [false]
at testNgExamples.AnnotationTest2.loginTC2(AnnotationTest2.java:54)
at java.base/java.util.ArrayList.forEach(ArrayList.java:1596)
... Removed 29 stack frames]]>
    </failure>
  </testcase> <!-- loginTC2 -->
</testsuite> <!-- Test1 -->
