<?xml version="1.0" encoding="UTF-8"?>
<testng-results ignored="0" total="2" passed="2" failed="0" skipped="0">
  <reporter-output>
  </reporter-output>
  <suite started-at="2026-04-21T15:48:17 IST" name="Default suite" finished-at="2026-04-21T15:48:30 IST" duration-ms="12527">
    <groups>
    </groups>
    <test started-at="2026-04-21T15:48:17 IST" name="Default test" finished-at="2026-04-21T15:48:30 IST" duration-ms="12527">
      <class name="tests.AdminAddEventTest">
        <test-method is-config="true" signature="setup()[pri:0, instance:tests.AdminAddEventTest@3e694b3f]" started-at="2026-04-21T15:48:17 IST" name="setup" finished-at="2026-04-21T15:48:19 IST" duration-ms="1886" status="PASS">
          <reporter-output>
          </reporter-output>
        </test-method> <!-- setup -->
        <test-method signature="testAdminCanAccessNewEventPage()[pri:0, instance:tests.AdminAddEventTest@3e694b3f]" started-at="2026-04-21T15:48:19 IST" name="testAdminCanAccessNewEventPage" finished-at="2026-04-21T15:48:22 IST" duration-ms="2846" status="PASS">
          <reporter-output>
          </reporter-output>
        </test-method> <!-- testAdminCanAccessNewEventPage -->
        <test-method is-config="true" signature="tearDown()[pri:0, instance:tests.AdminAddEventTest@3e694b3f]" started-at="2026-04-21T15:48:22 IST" name="tearDown" finished-at="2026-04-21T15:48:22 IST" duration-ms="164" status="PASS">
          <reporter-output>
          </reporter-output>
        </test-method> <!-- tearDown -->
        <test-method is-config="true" signature="setup()[pri:0, instance:tests.AdminAddEventTest@3e694b3f]" started-at="2026-04-21T15:48:22 IST" name="setup" finished-at="2026-04-21T15:48:23 IST" duration-ms="1248" status="PASS">
          <reporter-output>
          </reporter-output>
        </test-method> <!-- setup -->
        <test-method signature="testCreateEvent()[pri:0, instance:tests.AdminAddEventTest@3e694b3f]" started-at="2026-04-21T15:48:23 IST" name="testCreateEvent" finished-at="2026-04-21T15:48:30 IST" duration-ms="6191" status="PASS">
          <reporter-output>
          </reporter-output>
        </test-method> <!-- testCreateEvent -->
        <test-method is-config="true" signature="tearDown()[pri:0, instance:tests.AdminAddEventTest@3e694b3f]" started-at="2026-04-21T15:48:30 IST" name="tearDown" finished-at="2026-04-21T15:48:30 IST" duration-ms="153" status="PASS">
          <reporter-output>
          </reporter-output>
        </test-method> <!-- tearDown -->
      </class> <!-- tests.AdminAddEventTest -->
    </test> <!-- Default test -->
  </suite> <!-- Default suite -->
</testng-results>
