<?xml version="1.0" encoding="UTF-8"?>
<!-- Generated by org.testng.reporters.JUnitReportReporter -->
<testsuite hostname="DESKTOP-D6GBCCJ" failures="0" tests="2" name="tests.AdminAddEventTest" time="12.488" errors="0" timestamp="2026-04-21T15:48:30 IST" skipped="0">
  <testcase classname="tests.AdminAddEventTest" name="testCreateEvent" time="8.241"/>
  <testcase classname="tests.AdminAddEventTest" name="testAdminCanAccessNewEventPage" time="4.247"/>
</testsuite> <!-- tests.AdminAddEventTest -->
