<?xml version="1.0" encoding="UTF-8"?>
<!-- Generated by org.testng.reporters.JUnitReportReporter -->
<testsuite hostname="DESKTOP-D6GBCCJ" failures="0" tests="3" name="testNgExamples.GroupTest" time="0.014" errors="0" timestamp="2026-03-30T19:29:45 IST" skipped="0">
  <testcase classname="testNgExamples.GroupTest" name="E" time="0.001"/>
  <testcase classname="testNgExamples.GroupTest" name="C" time="0.002"/>
  <testcase classname="testNgExamples.GroupTest" name="A" time="0.011"/>
</testsuite> <!-- testNgExamples.GroupTest -->
