<?xml version="1.0" encoding="UTF-8"?>
<!-- Generated by org.testng.reporters.JUnitReportReporter -->
<testsuite hostname="DESKTOP-D6GBCCJ" failures="0" tests="5" name="testNgExamples.Parallel" time="0.031" errors="0" timestamp="2026-03-30T19:53:19 IST" skipped="0">
  <testcase classname="testNgExamples.Parallel" name="D" time="0.001"/>
  <testcase classname="testNgExamples.Parallel" name="B" time="0.009"/>
  <testcase classname="testNgExamples.Parallel" name="E" time="0.003"/>
  <testcase classname="testNgExamples.Parallel" name="C" time="0.009"/>
  <testcase classname="testNgExamples.Parallel" name="A" time="0.009"/>
</testsuite> <!-- testNgExamples.Parallel -->
