<?xml version="1.0" encoding="UTF-8"?>
<!-- Generated by org.testng.reporters.JUnitReportReporter -->
<testsuite hostname="DESKTOP-D6GBCCJ" failures="0" tests="6" name="testNgExamples.DataProviderTest" time="0.014" errors="0" timestamp="2026-03-30T20:58:27 IST" skipped="0">
  <testcase classname="testNgExamples.DataProviderTest" name="f" time="0.001"/>
  <testcase classname="testNgExamples.DataProviderTest" name="f2" time="0.001"/>
  <testcase classname="testNgExamples.DataProviderTest" name="f" time="0.010"/>
  <testcase classname="testNgExamples.DataProviderTest" name="f2" time="0.001"/>
  <testcase classname="testNgExamples.DataProviderTest" name="f" time="0.000"/>
  <testcase classname="testNgExamples.DataProviderTest" name="f2" time="0.001"/>
</testsuite> <!-- testNgExamples.DataProviderTest -->
