<?xml version="1.0" encoding="UTF-8"?>
<!-- Generated by org.testng.reporters.JUnitReportReporter -->
<testsuite hostname="DESKTOP-D6GBCCJ" failures="0" tests="12" name="tests.EventPageTest" time="113.840" errors="0" timestamp="2026-04-06T14:26:05 IST" skipped="0">
  <testcase classname="tests.EventPageTest" name="testCategoryFilterShowsResults" time="3.306"/>
  <testcase classname="tests.EventPageTest" name="testIncreaseQuantity" time="24.896"/>
  <testcase classname="tests.EventPageTest" name="testQuantityDefaultsToOne" time="4.025"/>
  <testcase classname="tests.EventPageTest" name="testTotalPriceUpdatesWithQuantity" time="3.855"/>
  <testcase classname="tests.EventPageTest" name="testCategoryFilterShowsResults" time="11.462"/>
  <testcase classname="tests.EventPageTest" name="testEventsAreDisplayed" time="2.331"/>
  <testcase classname="tests.EventPageTest" name="testGetTicketsNavigatesToDetail" time="2.979"/>
  <testcase classname="tests.EventPageTest" name="testCategoryFilterShowsResults" time="2.397"/>
  <testcase classname="tests.EventPageTest" name="testDecreaseQuantityNotBelowOne" time="34.817"/>
  <testcase classname="tests.EventPageTest" name="testEventCountMatchesLabel" time="2.788"/>
  <testcase classname="tests.EventPageTest" name="testBuyTicketsRedirectsToLoginWhenNotLoggedIn" time="18.081"/>
  <testcase classname="tests.EventPageTest" name="testCategoryFilterShowsResults" time="2.903"/>
</testsuite> <!-- tests.EventPageTest -->
